Started GET "/" for ::1 at 2020-04-24 15:55:56 -0400
Processing by Rails::WelcomeController#index as HTML
  Rendering /Users/carlreiser/.rvm/gems/ruby-2.4.2/gems/railties-5.2.4.2/lib/rails/templates/rails/welcome/index.html.erb
  Rendered /Users/carlreiser/.rvm/gems/ruby-2.4.2/gems/railties-5.2.4.2/lib/rails/templates/rails/welcome/index.html.erb (4.8ms)
Completed 200 OK in 31ms (Views: 16.7ms | ActiveRecord: 0.0ms)


Started GET "/" for ::1 at 2020-04-24 16:26:54 -0400
Processing by Rails::WelcomeController#index as HTML
  Rendering /Users/carlreiser/.rvm/gems/ruby-2.4.2/gems/railties-5.2.4.2/lib/rails/templates/rails/welcome/index.html.erb
  Rendered /Users/carlreiser/.rvm/gems/ruby-2.4.2/gems/railties-5.2.4.2/lib/rails/templates/rails/welcome/index.html.erb (3.4ms)
Completed 200 OK in 22ms (Views: 10.6ms | ActiveRecord: 0.0ms)


Started GET "/" for ::1 at 2020-04-24 16:27:04 -0400
Processing by Rails::WelcomeController#index as HTML
  Rendering /Users/carlreiser/.rvm/gems/ruby-2.4.2/gems/railties-5.2.4.2/lib/rails/templates/rails/welcome/index.html.erb
  Rendered /Users/carlreiser/.rvm/gems/ruby-2.4.2/gems/railties-5.2.4.2/lib/rails/templates/rails/welcome/index.html.erb (4.5ms)
Completed 200 OK in 16ms (Views: 10.3ms | ActiveRecord: 0.0ms)


Started GET "/" for ::1 at 2020-04-24 16:27:22 -0400
Processing by Rails::WelcomeController#index as HTML
  Rendering /Users/carlreiser/.rvm/gems/ruby-2.4.2/gems/railties-5.2.4.2/lib/rails/templates/rails/welcome/index.html.erb
  Rendered /Users/carlreiser/.rvm/gems/ruby-2.4.2/gems/railties-5.2.4.2/lib/rails/templates/rails/welcome/index.html.erb (5.8ms)
Completed 200 OK in 22ms (Views: 14.5ms | ActiveRecord: 0.0ms)


Started GET "/" for ::1 at 2020-04-24 16:36:01 -0400
Processing by Rails::WelcomeController#index as HTML
  Rendering /Users/carlreiser/.rvm/gems/ruby-2.4.2/gems/railties-5.2.4.2/lib/rails/templates/rails/welcome/index.html.erb
  Rendered /Users/carlreiser/.rvm/gems/ruby-2.4.2/gems/railties-5.2.4.2/lib/rails/templates/rails/welcome/index.html.erb (3.3ms)
Completed 200 OK in 17ms (Views: 9.9ms | ActiveRecord: 0.0ms)


Started GET "/home" for ::1 at 2020-04-24 16:36:04 -0400
  
ActionController::RoutingError (No route matches [GET] "/home"):
  
actionpack (5.2.4.2) lib/action_dispatch/middleware/debug_exceptions.rb:65:in `call'
web-console (3.7.0) lib/web_console/middleware.rb:135:in `call_app'
web-console (3.7.0) lib/web_console/middleware.rb:30:in `block in call'
web-console (3.7.0) lib/web_console/middleware.rb:20:in `catch'
web-console (3.7.0) lib/web_console/middleware.rb:20:in `call'
actionpack (5.2.4.2) lib/action_dispatch/middleware/show_exceptions.rb:33:in `call'
railties (5.2.4.2) lib/rails/rack/logger.rb:38:in `call_app'
railties (5.2.4.2) lib/rails/rack/logger.rb:26:in `block in call'
activesupport (5.2.4.2) lib/active_support/tagged_logging.rb:71:in `block in tagged'
activesupport (5.2.4.2) lib/active_support/tagged_logging.rb:28:in `tagged'
activesupport (5.2.4.2) lib/active_support/tagged_logging.rb:71:in `tagged'
railties (5.2.4.2) lib/rails/rack/logger.rb:26:in `call'
sprockets-rails (3.2.1) lib/sprockets/rails/quiet_assets.rb:13:in `call'
actionpack (5.2.4.2) lib/action_dispatch/middleware/remote_ip.rb:81:in `call'
actionpack (5.2.4.2) lib/action_dispatch/middleware/request_id.rb:27:in `call'
rack (2.2.2) lib/rack/method_override.rb:24:in `call'
rack (2.2.2) lib/rack/runtime.rb:22:in `call'
activesupport (5.2.4.2) lib/active_support/cache/strategy/local_cache_middleware.rb:29:in `call'
actionpack (5.2.4.2) lib/action_dispatch/middleware/executor.rb:14:in `call'
actionpack (5.2.4.2) lib/action_dispatch/middleware/static.rb:127:in `call'
rack (2.2.2) lib/rack/sendfile.rb:110:in `call'
railties (5.2.4.2) lib/rails/engine.rb:524:in `call'
puma (3.12.4) lib/puma/configuration.rb:227:in `call'
puma (3.12.4) lib/puma/server.rb:675:in `handle_request'
puma (3.12.4) lib/puma/server.rb:476:in `process_client'
puma (3.12.4) lib/puma/server.rb:334:in `block in run'
puma (3.12.4) lib/puma/thread_pool.rb:135:in `block in spawn_thread'
Started GET "/home/index" for ::1 at 2020-04-24 16:36:11 -0400
Processing by HomeController#index as HTML
  Rendering home/index.html.erb within layouts/application
  Rendered home/index.html.erb within layouts/application (0.3ms)
Completed 200 OK in 839ms (Views: 832.6ms | ActiveRecord: 0.0ms)


Started GET "/home/index" for ::1 at 2020-04-24 16:36:50 -0400
Processing by HomeController#index as HTML
  Rendering home/index.html.erb within layouts/application
  Rendered home/index.html.erb within layouts/application (1.0ms)
Completed 200 OK in 40ms (Views: 34.6ms | ActiveRecord: 0.0ms)


  [1m[35m (0.1ms)[0m  [1m[34mSELECT sqlite_version(*)[0m
  ↳ /Users/carlreiser/.rvm/gems/ruby-2.4.2/bin/rake:23
  [1m[35m (3.9ms)[0m  [1m[35mCREATE TABLE "schema_migrations" ("version" varchar NOT NULL PRIMARY KEY)[0m
  ↳ /Users/carlreiser/.rvm/gems/ruby-2.4.2/bin/rake:23
  [1m[35m (1.5ms)[0m  [1m[35mCREATE TABLE "ar_internal_metadata" ("key" varchar NOT NULL PRIMARY KEY, "value" varchar, "created_at" datetime NOT NULL, "updated_at" datetime NOT NULL)[0m
  ↳ /Users/carlreiser/.rvm/gems/ruby-2.4.2/bin/rake:23
  [1m[35m (0.2ms)[0m  [1m[34mSELECT "schema_migrations"."version" FROM "schema_migrations" ORDER BY "schema_migrations"."version" ASC[0m
  ↳ /Users/carlreiser/.rvm/gems/ruby-2.4.2/bin/rake:23
Migrating to CreatePlayers (20200424204140)
  [1m[35m (0.1ms)[0m  [1m[36mbegin transaction[0m
  ↳ /Users/carlreiser/.rvm/gems/ruby-2.4.2/bin/rake:23
  [1m[35m (0.5ms)[0m  [1m[35mCREATE TABLE "players" ("id" integer PRIMARY KEY AUTOINCREMENT NOT NULL, "name" varchar, "country" varchar, "ranking" integer, "created_at" datetime NOT NULL, "updated_at" datetime NOT NULL)[0m
  ↳ db/migrate/20200424204140_create_players.rb:3
  [1m[36mActiveRecord::SchemaMigration Create (0.2ms)[0m  [1m[32mINSERT INTO "schema_migrations" ("version") VALUES (?)[0m  [["version", "20200424204140"]]
  ↳ /Users/carlreiser/.rvm/gems/ruby-2.4.2/bin/rake:23
  [1m[35m (1.1ms)[0m  [1m[36mcommit transaction[0m
  ↳ /Users/carlreiser/.rvm/gems/ruby-2.4.2/bin/rake:23
  [1m[36mActiveRecord::InternalMetadata Load (0.4ms)[0m  [1m[34mSELECT  "ar_internal_metadata".* FROM "ar_internal_metadata" WHERE "ar_internal_metadata"."key" = ? LIMIT ?[0m  [["key", "environment"], ["LIMIT", 1]]
  ↳ /Users/carlreiser/.rvm/gems/ruby-2.4.2/bin/rake:23
  [1m[35m (0.1ms)[0m  [1m[36mbegin transaction[0m
  ↳ /Users/carlreiser/.rvm/gems/ruby-2.4.2/bin/rake:23
  [1m[36mActiveRecord::InternalMetadata Create (0.4ms)[0m  [1m[32mINSERT INTO "ar_internal_metadata" ("key", "value", "created_at", "updated_at") VALUES (?, ?, ?, ?)[0m  [["key", "environment"], ["value", "development"], ["created_at", "2020-04-24 20:44:05.600837"], ["updated_at", "2020-04-24 20:44:05.600837"]]
  ↳ /Users/carlreiser/.rvm/gems/ruby-2.4.2/bin/rake:23
  [1m[35m (0.8ms)[0m  [1m[36mcommit transaction[0m
  ↳ /Users/carlreiser/.rvm/gems/ruby-2.4.2/bin/rake:23
  [1m[35m (0.1ms)[0m  [1m[34mSELECT "schema_migrations"."version" FROM "schema_migrations" ORDER BY "schema_migrations"."version" ASC[0m
  ↳ /Users/carlreiser/.rvm/gems/ruby-2.4.2/bin/rake:23
  [1m[36mPlayer Load (0.9ms)[0m  [1m[34mSELECT  "players".* FROM "players" LIMIT ?[0m  [["LIMIT", 11]]
  [1m[35m (0.1ms)[0m  [1m[36mbegin transaction[0m
  [1m[36mPlayer Create (0.5ms)[0m  [1m[32mINSERT INTO "players" ("name", "country", "ranking", "created_at", "updated_at") VALUES (?, ?, ?, ?, ?)[0m  [["name", "Roger Federer"], ["country", "Switzerland"], ["ranking", 1], ["created_at", "2020-04-24 20:57:18.922404"], ["updated_at", "2020-04-24 20:57:18.922404"]]
  [1m[35m (1.4ms)[0m  [1m[36mcommit transaction[0m
  [1m[36mPlayer Load (0.2ms)[0m  [1m[34mSELECT  "players".* FROM "players" LIMIT ?[0m  [["LIMIT", 11]]
  [1m[36mPlayer Load (0.2ms)[0m  [1m[34mSELECT  "players".* FROM "players" ORDER BY "players"."id" ASC LIMIT ?[0m  [["LIMIT", 1]]
Started GET "/players" for ::1 at 2020-04-24 16:58:35 -0400
  [1m[35m (0.3ms)[0m  [1m[34mSELECT "schema_migrations"."version" FROM "schema_migrations" ORDER BY "schema_migrations"."version" ASC[0m
  ↳ /Users/carlreiser/.rvm/gems/ruby-2.4.2/gems/activerecord-5.2.4.2/lib/active_record/log_subscriber.rb:98
Processing by PlayersController#index as HTML
  Rendering players/index.html.erb within layouts/application
  [1m[36mPlayer Load (0.2ms)[0m  [1m[34mSELECT "players".* FROM "players"[0m
  ↳ app/views/players/index.html.erb:16
  Rendered players/index.html.erb within layouts/application (12.7ms)
Completed 200 OK in 471ms (Views: 460.1ms | ActiveRecord: 1.0ms)


Started GET "/players/new" for ::1 at 2020-04-24 16:58:45 -0400
Processing by PlayersController#new as HTML
  Rendering players/new.html.erb within layouts/application
  Rendered players/_form.html.erb (37.5ms)
  Rendered players/new.html.erb within layouts/application (45.3ms)
Completed 200 OK in 128ms (Views: 122.1ms | ActiveRecord: 0.0ms)


Started GET "/players/1/edit" for ::1 at 2020-04-24 16:58:48 -0400
Processing by PlayersController#edit as HTML
  Parameters: {"id"=>"1"}
  [1m[36mPlayer Load (0.3ms)[0m  [1m[34mSELECT  "players".* FROM "players" WHERE "players"."id" = ? LIMIT ?[0m  [["id", 1], ["LIMIT", 1]]
  ↳ app/controllers/players_controller.rb:67
  Rendering players/edit.html.erb within layouts/application
  Rendered players/_form.html.erb (7.0ms)
  Rendered players/edit.html.erb within layouts/application (11.8ms)
Completed 200 OK in 82ms (Views: 68.2ms | ActiveRecord: 0.3ms)


Started GET "/players/1/edit" for ::1 at 2020-04-24 16:58:51 -0400
Processing by PlayersController#edit as HTML
  Parameters: {"id"=>"1"}
  [1m[36mPlayer Load (0.1ms)[0m  [1m[34mSELECT  "players".* FROM "players" WHERE "players"."id" = ? LIMIT ?[0m  [["id", 1], ["LIMIT", 1]]
  ↳ app/controllers/players_controller.rb:67
  Rendering players/edit.html.erb within layouts/application
  Rendered players/_form.html.erb (4.5ms)
  Rendered players/edit.html.erb within layouts/application (8.4ms)
Completed 200 OK in 75ms (Views: 69.7ms | ActiveRecord: 0.1ms)


Started PATCH "/players/1" for ::1 at 2020-04-24 16:58:56 -0400
Processing by PlayersController#update as HTML
  Parameters: {"utf8"=>"✓", "authenticity_token"=>"bhi2VskE5p5SAsNWXk8wRN93VQOy/LIhKjqhVve19nMo5hwnFliFXSJLHZjRFSMSuS+tTtfR9i4I7GDIQ7v/TQ==", "player"=>{"name"=>"Roger Fed", "country"=>"Switzerland", "ranking"=>"1"}, "commit"=>"Update Player", "id"=>"1"}
  [1m[36mPlayer Load (0.2ms)[0m  [1m[34mSELECT  "players".* FROM "players" WHERE "players"."id" = ? LIMIT ?[0m  [["id", 1], ["LIMIT", 1]]
  ↳ app/controllers/players_controller.rb:67
  [1m[35m (0.1ms)[0m  [1m[36mbegin transaction[0m
  ↳ app/controllers/players_controller.rb:44
  [1m[36mPlayer Update (0.7ms)[0m  [1m[33mUPDATE "players" SET "name" = ?, "updated_at" = ? WHERE "players"."id" = ?[0m  [["name", "Roger Fed"], ["updated_at", "2020-04-24 20:58:56.769185"], ["id", 1]]
  ↳ app/controllers/players_controller.rb:44
  [1m[35m (2.1ms)[0m  [1m[36mcommit transaction[0m
  ↳ app/controllers/players_controller.rb:44
Redirected to http://localhost:3000/players/1
Completed 302 Found in 27ms (ActiveRecord: 3.1ms)


Started GET "/players/1" for ::1 at 2020-04-24 16:58:56 -0400
Processing by PlayersController#show as HTML
  Parameters: {"id"=>"1"}
  [1m[36mPlayer Load (0.2ms)[0m  [1m[34mSELECT  "players".* FROM "players" WHERE "players"."id" = ? LIMIT ?[0m  [["id", 1], ["LIMIT", 1]]
  ↳ app/controllers/players_controller.rb:67
  Rendering players/show.html.erb within layouts/application
  Rendered players/show.html.erb within layouts/application (3.3ms)
Completed 200 OK in 96ms (Views: 89.5ms | ActiveRecord: 0.2ms)


Started GET "/players" for ::1 at 2020-04-24 16:58:59 -0400
Processing by PlayersController#index as HTML
  Rendering players/index.html.erb within layouts/application
  [1m[36mPlayer Load (0.4ms)[0m  [1m[34mSELECT "players".* FROM "players"[0m
  ↳ app/views/players/index.html.erb:16
  Rendered players/index.html.erb within layouts/application (3.1ms)
Completed 200 OK in 49ms (Views: 44.5ms | ActiveRecord: 0.4ms)


Started GET "/players/1/edit" for ::1 at 2020-04-24 16:59:00 -0400
Processing by PlayersController#edit as HTML
  Parameters: {"id"=>"1"}
  [1m[36mPlayer Load (0.2ms)[0m  [1m[34mSELECT  "players".* FROM "players" WHERE "players"."id" = ? LIMIT ?[0m  [["id", 1], ["LIMIT", 1]]
  ↳ app/controllers/players_controller.rb:67
  Rendering players/edit.html.erb within layouts/application
  Rendered players/_form.html.erb (5.3ms)
  Rendered players/edit.html.erb within layouts/application (10.8ms)
Completed 200 OK in 69ms (Views: 64.4ms | ActiveRecord: 0.2ms)


Started PATCH "/players/1" for ::1 at 2020-04-24 16:59:03 -0400
Processing by PlayersController#update as HTML
  Parameters: {"utf8"=>"✓", "authenticity_token"=>"mBD3OIRhimCq0zy9bW9ZSt0JevsNFJp64wERKPc9QIfe7l1JWz3po9qa4nPiNUocu1GCtmg53nXB19C2QzNJuQ==", "player"=>{"name"=>"Roger Federer", "country"=>"Switzerland", "ranking"=>"1"}, "commit"=>"Update Player", "id"=>"1"}
  [1m[36mPlayer Load (0.2ms)[0m  [1m[34mSELECT  "players".* FROM "players" WHERE "players"."id" = ? LIMIT ?[0m  [["id", 1], ["LIMIT", 1]]
  ↳ app/controllers/players_controller.rb:67
  [1m[35m (0.1ms)[0m  [1m[36mbegin transaction[0m
  ↳ app/controllers/players_controller.rb:44
  [1m[36mPlayer Update (0.9ms)[0m  [1m[33mUPDATE "players" SET "name" = ?, "updated_at" = ? WHERE "players"."id" = ?[0m  [["name", "Roger Federer"], ["updated_at", "2020-04-24 20:59:03.371353"], ["id", 1]]
  ↳ app/controllers/players_controller.rb:44
  [1m[35m (1.1ms)[0m  [1m[36mcommit transaction[0m
  ↳ app/controllers/players_controller.rb:44
Redirected to http://localhost:3000/players/1
Completed 302 Found in 7ms (ActiveRecord: 2.2ms)


Started GET "/players/1" for ::1 at 2020-04-24 16:59:03 -0400
Processing by PlayersController#show as HTML
  Parameters: {"id"=>"1"}
  [1m[36mPlayer Load (0.3ms)[0m  [1m[34mSELECT  "players".* FROM "players" WHERE "players"."id" = ? LIMIT ?[0m  [["id", 1], ["LIMIT", 1]]
  ↳ app/controllers/players_controller.rb:67
  Rendering players/show.html.erb within layouts/application
  Rendered players/show.html.erb within layouts/application (1.4ms)
Completed 200 OK in 60ms (Views: 53.5ms | ActiveRecord: 0.3ms)


Started GET "/players" for ::1 at 2020-04-24 16:59:06 -0400
Processing by PlayersController#index as HTML
  Rendering players/index.html.erb within layouts/application
  [1m[36mPlayer Load (0.2ms)[0m  [1m[34mSELECT "players".* FROM "players"[0m
  ↳ app/views/players/index.html.erb:16
  Rendered players/index.html.erb within layouts/application (3.3ms)
Completed 200 OK in 68ms (Views: 62.5ms | ActiveRecord: 0.2ms)


Started GET "/home/index" for ::1 at 2020-04-24 16:59:09 -0400
Processing by HomeController#index as HTML
  Rendering home/index.html.erb within layouts/application
  Rendered home/index.html.erb within layouts/application (1.1ms)
Completed 200 OK in 42ms (Views: 39.2ms | ActiveRecord: 0.0ms)


Started GET "/players" for ::1 at 2020-04-24 17:00:13 -0400
Processing by PlayersController#index as HTML
  Rendering players/index.html.erb within layouts/application
  [1m[36mPlayer Load (0.2ms)[0m  [1m[34mSELECT "players".* FROM "players"[0m
  ↳ app/views/players/index.html.erb:16
  Rendered players/index.html.erb within layouts/application (2.9ms)
Completed 200 OK in 45ms (Views: 38.6ms | ActiveRecord: 0.2ms)


Started GET "/players/1/edit" for ::1 at 2020-04-24 17:00:17 -0400
Processing by PlayersController#edit as HTML
  Parameters: {"id"=>"1"}
  [1m[36mPlayer Load (0.2ms)[0m  [1m[34mSELECT  "players".* FROM "players" WHERE "players"."id" = ? LIMIT ?[0m  [["id", 1], ["LIMIT", 1]]
  ↳ app/controllers/players_controller.rb:67
  Rendering players/edit.html.erb within layouts/application
  Rendered players/_form.html.erb (5.0ms)
  Rendered players/edit.html.erb within layouts/application (11.7ms)
Completed 200 OK in 81ms (Views: 74.6ms | ActiveRecord: 0.2ms)


Started PATCH "/players/1" for ::1 at 2020-04-24 17:00:19 -0400
Processing by PlayersController#update as HTML
  Parameters: {"utf8"=>"✓", "authenticity_token"=>"xquUwky+i/YjdVL7XhQgnNdNbIyaYm9QQboi6kLLSMqAVT6zk+LoNVM8jDXRTjPKsRWUwf9PK19jbON09sVB9A==", "player"=>{"name"=>"Roger Federer", "country"=>"Switzerland!", "ranking"=>"1"}, "commit"=>"Update Player", "id"=>"1"}
  [1m[36mPlayer Load (0.4ms)[0m  [1m[34mSELECT  "players".* FROM "players" WHERE "players"."id" = ? LIMIT ?[0m  [["id", 1], ["LIMIT", 1]]
  ↳ app/controllers/players_controller.rb:67
  [1m[35m (0.1ms)[0m  [1m[36mbegin transaction[0m
  ↳ app/controllers/players_controller.rb:44
  [1m[36mPlayer Update (0.6ms)[0m  [1m[33mUPDATE "players" SET "country" = ?, "updated_at" = ? WHERE "players"."id" = ?[0m  [["country", "Switzerland!"], ["updated_at", "2020-04-24 21:00:19.964599"], ["id", 1]]
  ↳ app/controllers/players_controller.rb:44
  [1m[35m (2.1ms)[0m  [1m[36mcommit transaction[0m
  ↳ app/controllers/players_controller.rb:44
Redirected to http://localhost:3000/players/1
Completed 302 Found in 10ms (ActiveRecord: 3.1ms)


Started GET "/players/1" for ::1 at 2020-04-24 17:00:19 -0400
Processing by PlayersController#show as HTML
  Parameters: {"id"=>"1"}
  [1m[36mPlayer Load (0.2ms)[0m  [1m[34mSELECT  "players".* FROM "players" WHERE "players"."id" = ? LIMIT ?[0m  [["id", 1], ["LIMIT", 1]]
  ↳ app/controllers/players_controller.rb:67
  Rendering players/show.html.erb within layouts/application
  Rendered players/show.html.erb within layouts/application (2.9ms)
Completed 200 OK in 127ms (Views: 119.9ms | ActiveRecord: 0.2ms)


Started GET "/players" for ::1 at 2020-04-24 17:00:21 -0400
Processing by PlayersController#index as HTML
  Rendering players/index.html.erb within layouts/application
  [1m[36mPlayer Load (0.3ms)[0m  [1m[34mSELECT "players".* FROM "players"[0m
  ↳ app/views/players/index.html.erb:16
  Rendered players/index.html.erb within layouts/application (3.4ms)
Completed 200 OK in 42ms (Views: 38.3ms | ActiveRecord: 0.3ms)


Started GET "/players/1/edit" for ::1 at 2020-04-24 17:00:23 -0400
Processing by PlayersController#edit as HTML
  Parameters: {"id"=>"1"}
  [1m[36mPlayer Load (0.2ms)[0m  [1m[34mSELECT  "players".* FROM "players" WHERE "players"."id" = ? LIMIT ?[0m  [["id", 1], ["LIMIT", 1]]
  ↳ app/controllers/players_controller.rb:67
  Rendering players/edit.html.erb within layouts/application
  Rendered players/_form.html.erb (4.3ms)
  Rendered players/edit.html.erb within layouts/application (10.4ms)
Completed 200 OK in 58ms (Views: 51.9ms | ActiveRecord: 0.2ms)


Started PATCH "/players/1" for ::1 at 2020-04-24 17:00:25 -0400
Processing by PlayersController#update as HTML
  Parameters: {"utf8"=>"✓", "authenticity_token"=>"9MXa6qcnt8HoJ2m6z2/p2p64zweLL9y3qlVeBp3YKuiyO3CbeHvUAphut3RANfqM+OA3Su4CmLiIg5+YKdYj1g==", "player"=>{"name"=>"Roger Federer", "country"=>"Switzerland", "ranking"=>"1"}, "commit"=>"Update Player", "id"=>"1"}
  [1m[36mPlayer Load (0.2ms)[0m  [1m[34mSELECT  "players".* FROM "players" WHERE "players"."id" = ? LIMIT ?[0m  [["id", 1], ["LIMIT", 1]]
  ↳ app/controllers/players_controller.rb:67
  [1m[35m (0.1ms)[0m  [1m[36mbegin transaction[0m
  ↳ app/controllers/players_controller.rb:44
  [1m[36mPlayer Update (0.5ms)[0m  [1m[33mUPDATE "players" SET "country" = ?, "updated_at" = ? WHERE "players"."id" = ?[0m  [["country", "Switzerland"], ["updated_at", "2020-04-24 21:00:25.466350"], ["id", 1]]
  ↳ app/controllers/players_controller.rb:44
  [1m[35m (1.1ms)[0m  [1m[36mcommit transaction[0m
  ↳ app/controllers/players_controller.rb:44
Redirected to http://localhost:3000/players/1
Completed 302 Found in 7ms (ActiveRecord: 1.9ms)


Started GET "/players/1" for ::1 at 2020-04-24 17:00:25 -0400
Processing by PlayersController#show as HTML
  Parameters: {"id"=>"1"}
  [1m[36mPlayer Load (0.2ms)[0m  [1m[34mSELECT  "players".* FROM "players" WHERE "players"."id" = ? LIMIT ?[0m  [["id", 1], ["LIMIT", 1]]
  ↳ app/controllers/players_controller.rb:67
  Rendering players/show.html.erb within layouts/application
  Rendered players/show.html.erb within layouts/application (1.2ms)
Completed 200 OK in 53ms (Views: 47.3ms | ActiveRecord: 0.2ms)


Started GET "/players" for ::1 at 2020-04-24 17:00:26 -0400
Processing by PlayersController#index as HTML
  Rendering players/index.html.erb within layouts/application
  [1m[36mPlayer Load (0.2ms)[0m  [1m[34mSELECT "players".* FROM "players"[0m
  ↳ app/views/players/index.html.erb:16
  Rendered players/index.html.erb within layouts/application (2.3ms)
Completed 200 OK in 44ms (Views: 39.7ms | ActiveRecord: 0.2ms)


Started GET "/players/1/edit" for ::1 at 2020-04-24 17:00:32 -0400
Processing by PlayersController#edit as HTML
  Parameters: {"id"=>"1"}
  [1m[36mPlayer Load (0.2ms)[0m  [1m[34mSELECT  "players".* FROM "players" WHERE "players"."id" = ? LIMIT ?[0m  [["id", 1], ["LIMIT", 1]]
  ↳ app/controllers/players_controller.rb:67
  Rendering players/edit.html.erb within layouts/application
  Rendered players/_form.html.erb (3.8ms)
  Rendered players/edit.html.erb within layouts/application (8.8ms)
Completed 200 OK in 60ms (Views: 55.6ms | ActiveRecord: 0.2ms)


Started PATCH "/players/1" for ::1 at 2020-04-24 17:00:37 -0400
Processing by PlayersController#update as HTML
  Parameters: {"utf8"=>"✓", "authenticity_token"=>"w39dkBfG3nhXiN65o/0QWzJv8AFHyfiijFb8sya5BNuFgffhyJq9uyfBAHcspwMNVDcITCLkvK2ugD0tkrcN5Q==", "player"=>{"name"=>"Roger Federer", "country"=>"Switzerland", "ranking"=>"1"}, "commit"=>"Update Player", "id"=>"1"}
  [1m[36mPlayer Load (0.2ms)[0m  [1m[34mSELECT  "players".* FROM "players" WHERE "players"."id" = ? LIMIT ?[0m  [["id", 1], ["LIMIT", 1]]
  ↳ app/controllers/players_controller.rb:67
  [1m[35m (0.1ms)[0m  [1m[36mbegin transaction[0m
  ↳ app/controllers/players_controller.rb:44
  [1m[35m (0.1ms)[0m  [1m[36mcommit transaction[0m
  ↳ app/controllers/players_controller.rb:44
Redirected to http://localhost:3000/players/1
Completed 302 Found in 5ms (ActiveRecord: 0.4ms)


Started GET "/players/1" for ::1 at 2020-04-24 17:00:37 -0400
Processing by PlayersController#show as HTML
  Parameters: {"id"=>"1"}
  [1m[36mPlayer Load (0.2ms)[0m  [1m[34mSELECT  "players".* FROM "players" WHERE "players"."id" = ? LIMIT ?[0m  [["id", 1], ["LIMIT", 1]]
  ↳ app/controllers/players_controller.rb:67
  Rendering players/show.html.erb within layouts/application
  Rendered players/show.html.erb within layouts/application (0.9ms)
Completed 200 OK in 54ms (Views: 47.2ms | ActiveRecord: 0.2ms)


Started GET "/players" for ::1 at 2020-04-24 17:00:38 -0400
Processing by PlayersController#index as HTML
  Rendering players/index.html.erb within layouts/application
  [1m[36mPlayer Load (0.2ms)[0m  [1m[34mSELECT "players".* FROM "players"[0m
  ↳ app/views/players/index.html.erb:16
  Rendered players/index.html.erb within layouts/application (2.6ms)
Completed 200 OK in 40ms (Views: 36.6ms | ActiveRecord: 0.2ms)


